<?xml version="1.0" encoding="UTF-8"?>
<!-- Generated by org.testng.reporters.JUnitXMLReporter -->
<testsuite ignored="5" hostname="DESKTOP-M9P8T3T" failures="0" tests="1" name="DemoQAFinal" time="14.42" errors="0" timestamp="2022-10-13T21:48:44 CEST">
  <testcase classname="tests.WebTablesTest" name="userCanSearch" time="2.07"/>
  <testcase classname="tests.WebTablesTest" name="userCanAddMultipleEntries" time="0.0">
    <ignored/>
  </testcase> <!-- userCanAddMultipleEntries -->
  <testcase classname="tests.WebTablesTest" name="userCanClickNext" time="0.0">
    <ignored/>
  </testcase> <!-- userCanClickNext -->
  <testcase classname="tests.WebTablesTest" name="userCanAddInformation" time="0.0">
    <ignored/>
  </testcase> <!-- userCanAddInformation -->
  <testcase classname="tests.WebTablesTest" name="userCanClickPrevious" time="0.0">
    <ignored/>
  </testcase> <!-- userCanClickPrevious -->
  <testcase classname="tests.WebTablesTest" name="userCanChangeNumberOfRows" time="0.0">
    <ignored/>
  </testcase> <!-- userCanChangeNumberOfRows -->
</testsuite> <!-- DemoQAFinal -->
