<?xml version="1.0" encoding="UTF-8"?>
<testng-results ignored="5" total="6" passed="1" failed="0" skipped="0">
  <reporter-output>
  </reporter-output>
  <suite started-at="2022-10-13T21:48:29 CEST" name="Default Suite" finished-at="2022-10-13T21:48:44 CEST" duration-ms="14420">
    <groups>
    </groups>
    <test started-at="2022-10-13T21:48:29 CEST" name="DemoQAFinal" finished-at="2022-10-13T21:48:44 CEST" duration-ms="14420">
      <class name="tests.WebTablesTest">
        <test-method is-config="true" signature="setUpConfig()[pri:0, instance:tests.WebTablesTest@75f9eccc]" started-at="2022-10-13T21:48:30 CEST" name="setUpConfig" finished-at="2022-10-13T21:48:35 CEST" duration-ms="5398" status="PASS">
          <reporter-output>
          </reporter-output>
        </test-method> <!-- setUpConfig -->
        <test-method is-config="true" signature="configure()[pri:0, instance:tests.WebTablesTest@75f9eccc]" started-at="2022-10-13T21:48:35 CEST" name="configure" finished-at="2022-10-13T21:48:42 CEST" duration-ms="6872" status="PASS">
          <reporter-output>
          </reporter-output>
        </test-method> <!-- configure -->
        <test-method signature="userCanSearch(java.lang.String,java.lang.String,java.lang.String,java.lang.String,java.lang.String,java.lang.String)[pri:0, instance:tests.WebTablesTest@75f9eccc]" started-at="2022-10-13T21:48:42 CEST" name="userCanSearch" data-provider="validEntry" finished-at="2022-10-13T21:48:44 CEST" duration-ms="2070" status="PASS">
          <params>
            <param index="0">
              <value>
                <![CDATA[John]]>
              </value>
            </param>
            <param index="1">
              <value>
                <![CDATA[Nocars]]>
              </value>
            </param>
            <param index="2">
              <value>
                <![CDATA[johnnocars@gmail.com]]>
              </value>
            </param>
            <param index="3">
              <value>
                <![CDATA[23]]>
              </value>
            </param>
            <param index="4">
              <value>
                <![CDATA[234555]]>
              </value>
            </param>
            <param index="5">
              <value>
                <![CDATA[Marketing]]>
              </value>
            </param>
          </params>
          <reporter-output>
          </reporter-output>
        </test-method> <!-- userCanSearch -->
      </class> <!-- tests.WebTablesTest -->
    </test> <!-- DemoQAFinal -->
  </suite> <!-- Default Suite -->
</testng-results>
